{"C:\\Users\\manav\\anomaly-detector-ui\\src\\components\\AlertModal.tsx": {"path":"C:\\Users\\manav\\anomaly-detector-ui\\src\\components\\AlertModal.tsx","statementMap":{"0":{"start":{"line":22,"column":0},"end":{"line":22,"column":24}},"1":{"start":{"line":1,"column":0},"end":{"line":1,"column":26}},"2":{"start":{"line":3,"column":0},"end":{"line":3,"column":11}},"3":{"start":{"line":5,"column":0},"end":{"line":5,"column":null}},"4":{"start":{"line":23,"column":2},"end":{"line":23,"column":26}},"5":{"start":{"line":23,"column":14},"end":{"line":23,"column":26}},"6":{"start":{"line":25,"column":2},"end":{"line":66,"column":4}},"7":{"start":{"line":46,"column":54},"end":{"line":50,"column":16}},"8":{"start":{"line":51,"column":14},"end":{"line":51,"column":75}}},"fnMap":{"0":{"name":"AlertModal","decl":{"start":{"line":22,"column":24},"end":{"line":22,"column":34}},"loc":{"start":{"line":22,"column":76},"end":{"line":67,"column":1}}},"1":{"name":"(anonymous_2)","decl":{"start":{"line":45,"column":17},"end":{"line":45,"column":18}},"loc":{"start":{"line":45,"column":23},"end":{"line":52,"column":13}}}},"branchMap":{"0":{"loc":{"start":{"line":23,"column":2},"end":{"line":23,"column":26}},"type":"if","locations":[{"start":{"line":23,"column":2},"end":{"line":23,"column":26}}]},"1":{"loc":{"start":{"line":51,"column":37},"end":{"line":51,"column":72}},"type":"binary-expr","locations":[{"start":{"line":51,"column":37},"end":{"line":51,"column":54}},{"start":{"line":51,"column":58},"end":{"line":51,"column":72}}]}},"s":{"0":1,"1":1,"2":1,"3":1,"4":4,"5":1,"6":3,"7":5,"8":5},"f":{"0":4,"1":5},"b":{"0":[1],"1":[5,1]}}
,"C:\\Users\\manav\\anomaly-detector-ui\\src\\components\\AlertTable.tsx": {"path":"C:\\Users\\manav\\anomaly-detector-ui\\src\\components\\AlertTable.tsx","statementMap":{"0":{"start":{"line":22,"column":0},"end":{"line":22,"column":24}},"1":{"start":{"line":2,"column":0},"end":{"line":2,"column":26}},"2":{"start":{"line":4,"column":0},"end":{"line":4,"column":11}},"3":{"start":{"line":6,"column":0},"end":{"line":6,"column":null}},"4":{"start":{"line":23,"column":2},"end":{"line":64,"column":4}},"5":{"start":{"line":36,"column":12},"end":{"line":37,"column":null}},"6":{"start":{"line":39,"column":29},"end":{"line":39,"column":46}},"7":{"start":{"line":49,"column":60},"end":{"line":53,"column":22}},"8":{"start":{"line":54,"column":20},"end":{"line":54,"column":81}}},"fnMap":{"0":{"name":"AlertTable","decl":{"start":{"line":22,"column":24},"end":{"line":22,"column":34}},"loc":{"start":{"line":22,"column":74},"end":{"line":65,"column":1}}},"1":{"name":"(anonymous_2)","decl":{"start":{"line":35,"column":22},"end":{"line":35,"column":23}},"loc":{"start":{"line":36,"column":12},"end":{"line":37,"column":null}}},"2":{"name":"(anonymous_3)","decl":{"start":{"line":39,"column":23},"end":{"line":39,"column":26}},"loc":{"start":{"line":39,"column":29},"end":{"line":39,"column":46}}},"3":{"name":"(anonymous_4)","decl":{"start":{"line":48,"column":23},"end":{"line":48,"column":24}},"loc":{"start":{"line":48,"column":29},"end":{"line":55,"column":19}}}},"branchMap":{"0":{"loc":{"start":{"line":54,"column":43},"end":{"line":54,"column":78}},"type":"binary-expr","locations":[{"start":{"line":54,"column":43},"end":{"line":54,"column":60}},{"start":{"line":54,"column":64},"end":{"line":54,"column":78}}]}},"s":{"0":1,"1":1,"2":1,"3":1,"4":3,"5":5,"6":1,"7":5,"8":5},"f":{"0":3,"1":5,"2":1,"3":5},"b":{"0":[5,1]}}
,"C:\\Users\\manav\\anomaly-detector-ui\\src\\pages\\MainPage.tsx": {"path":"C:\\Users\\manav\\anomaly-detector-ui\\src\\pages\\MainPage.tsx","statementMap":{"0":{"start":{"line":25,"column":0},"end":{"line":25,"column":24}},"1":{"start":{"line":2,"column":0},"end":{"line":2,"column":26}},"2":{"start":{"line":4,"column":0},"end":{"line":4,"column":11}},"3":{"start":{"line":6,"column":0},"end":{"line":6,"column":44}},"4":{"start":{"line":7,"column":0},"end":{"line":7,"column":null}},"5":{"start":{"line":15,"column":0},"end":{"line":15,"column":38}},"6":{"start":{"line":16,"column":0},"end":{"line":16,"column":50}},"7":{"start":{"line":17,"column":0},"end":{"line":17,"column":50}},"8":{"start":{"line":19,"column":0},"end":{"line":19,"column":58}},"9":{"start":{"line":23,"column":19},"end":{"line":23,"column":56}},"10":{"start":{"line":26,"column":46},"end":{"line":26,"column":74}},"11":{"start":{"line":27,"column":36},"end":{"line":27,"column":65}},"12":{"start":{"line":28,"column":42},"end":{"line":28,"column":54}},"13":{"start":{"line":29,"column":40},"end":{"line":29,"column":55}},"14":{"start":{"line":30,"column":32},"end":{"line":30,"column":62}},"15":{"start":{"line":33,"column":4},"end":{"line":35,"column":11}},"16":{"start":{"line":34,"column":8},"end":{"line":34,"column":20}},"17":{"start":{"line":37,"column":30},"end":{"line":53,"column":5}},"18":{"start":{"line":38,"column":25},"end":{"line":38,"column":39}},"19":{"start":{"line":39,"column":8},"end":{"line":39,"column":39}},"20":{"start":{"line":40,"column":8},"end":{"line":52,"column":9}},"21":{"start":{"line":41,"column":12},"end":{"line":44,"column":15}},"22":{"start":{"line":51,"column":12},"end":{"line":51,"column":51}},"23":{"start":{"line":55,"column":32},"end":{"line":150,"column":5}},"24":{"start":{"line":57,"column":8},"end":{"line":62,"column":9}},"25":{"start":{"line":58,"column":12},"end":{"line":58,"column":78}},"26":{"start":{"line":59,"column":12},"end":{"line":59,"column":63}},"27":{"start":{"line":61,"column":12},"end":{"line":61,"column":66}},"28":{"start":{"line":64,"column":23},"end":{"line":64,"column":55}},"29":{"start":{"line":65,"column":20},"end":{"line":65,"column":43}},"30":{"start":{"line":66,"column":8},"end":{"line":66,"column":25}},"31":{"start":{"line":66,"column":18},"end":{"line":66,"column":25}},"32":{"start":{"line":68,"column":30},"end":{"line":68,"column":31}},"33":{"start":{"line":69,"column":30},"end":{"line":69,"column":51}},"34":{"start":{"line":70,"column":35},"end":{"line":70,"column":37}},"35":{"start":{"line":72,"column":8},"end":{"line":105,"column":9}},"36":{"start":{"line":72,"column":21},"end":{"line":72,"column":22}},"37":{"start":{"line":73,"column":12},"end":{"line":104,"column":15}},"38":{"start":{"line":74,"column":16},"end":{"line":74,"column":45}},"39":{"start":{"line":75,"column":16},"end":{"line":103,"column":18}},"40":{"start":{"line":76,"column":20},"end":{"line":76,"column":59}},"41":{"start":{"line":77,"column":20},"end":{"line":77,"column":61}},"42":{"start":{"line":78,"column":20},"end":{"line":78,"column":54}},"43":{"start":{"line":79,"column":38},"end":{"line":79,"column":89}},"44":{"start":{"line":83,"column":35},"end":{"line":83,"column":69}},"45":{"start":{"line":84,"column":20},"end":{"line":99,"column":21}},"46":{"start":{"line":85,"column":24},"end":{"line":85,"column":47}},"47":{"start":{"line":88,"column":24},"end":{"line":98,"column":25}},"48":{"start":{"line":89,"column":28},"end":{"line":95,"column":31}},"49":{"start":{"line":97,"column":28},"end":{"line":97,"column":76}},"50":{"start":{"line":102,"column":20},"end":{"line":102,"column":30}},"51":{"start":{"line":108,"column":8},"end":{"line":148,"column":9}},"52":{"start":{"line":109,"column":24},"end":{"line":109,"column":67}},"53":{"start":{"line":111,"column":29},"end":{"line":111,"column":45}},"54":{"start":{"line":113,"column":36},"end":{"line":126,"column":14}},"55":{"start":{"line":114,"column":56},"end":{"line":118,"column":18}},"56":{"start":{"line":119,"column":16},"end":{"line":125,"column":18}},"57":{"start":{"line":123,"column":36},"end":{"line":123,"column":89}},"58":{"start":{"line":128,"column":12},"end":{"line":128,"column":39}},"59":{"start":{"line":130,"column":12},"end":{"line":130,"column":70}},"60":{"start":{"line":132,"column":12},"end":{"line":147,"column":14}},"61":{"start":{"line":133,"column":38},"end":{"line":146,"column":18}},"62":{"start":{"line":138,"column":68},"end":{"line":142,"column":30}},"63":{"start":{"line":143,"column":28},"end":{"line":143,"column":89}},"64":{"start":{"line":153,"column":27},"end":{"line":158,"column":6}},"65":{"start":{"line":154,"column":28},"end":{"line":154,"column":77}},"66":{"start":{"line":155,"column":30},"end":{"line":155,"column":97}},"67":{"start":{"line":157,"column":8},"end":{"line":157,"column":44}},"68":{"start":{"line":160,"column":4},"end":{"line":256,"column":6}},"69":{"start":{"line":179,"column":49},"end":{"line":179,"column":79}},"70":{"start":{"line":189,"column":49},"end":{"line":189,"column":78}},"71":{"start":{"line":192,"column":36},"end":{"line":192,"column":57}},"72":{"start":{"line":211,"column":39},"end":{"line":211,"column":61}},"73":{"start":{"line":225,"column":41},"end":{"line":225,"column":68}},"74":{"start":{"line":226,"column":28},"end":{"line":230,"column":29}},"75":{"start":{"line":227,"column":44},"end":{"line":227,"column":69}},"76":{"start":{"line":228,"column":32},"end":{"line":228,"column":49}},"77":{"start":{"line":229,"column":32},"end":{"line":229,"column":56}},"78":{"start":{"line":247,"column":48},"end":{"line":247,"column":63}},"79":{"start":{"line":248,"column":32},"end":{"line":248,"column":48}},"80":{"start":{"line":249,"column":32},"end":{"line":249,"column":61}}},"fnMap":{"0":{"name":"MainPage","decl":{"start":{"line":25,"column":24},"end":{"line":25,"column":32}},"loc":{"start":{"line":25,"column":32},"end":{"line":258,"column":1}}},"1":{"name":"(anonymous_2)","decl":{"start":{"line":33,"column":14},"end":{"line":33,"column":17}},"loc":{"start":{"line":33,"column":19},"end":{"line":35,"column":5}}},"2":{"name":"(anonymous_3)","decl":{"start":{"line":37,"column":30},"end":{"line":37,"column":35}},"loc":{"start":{"line":37,"column":51},"end":{"line":53,"column":5}}},"3":{"name":"(anonymous_4)","decl":{"start":{"line":55,"column":32},"end":{"line":55,"column":37}},"loc":{"start":{"line":55,"column":73},"end":{"line":150,"column":5}}},"4":{"name":"(anonymous_5)","decl":{"start":{"line":73,"column":36},"end":{"line":73,"column":37}},"loc":{"start":{"line":73,"column":48},"end":{"line":104,"column":13}}},"5":{"name":"(anonymous_6)","decl":{"start":{"line":75,"column":40},"end":{"line":75,"column":45}},"loc":{"start":{"line":75,"column":51},"end":{"line":103,"column":17}}},"6":{"name":"(anonymous_7)","decl":{"start":{"line":113,"column":49},"end":{"line":113,"column":50}},"loc":{"start":{"line":113,"column":62},"end":{"line":126,"column":13}}},"7":{"name":"(anonymous_8)","decl":{"start":{"line":123,"column":29},"end":{"line":123,"column":30}},"loc":{"start":{"line":123,"column":36},"end":{"line":123,"column":89}}},"8":{"name":"(anonymous_9)","decl":{"start":{"line":133,"column":30},"end":{"line":133,"column":31}},"loc":{"start":{"line":133,"column":38},"end":{"line":146,"column":18}}},"9":{"name":"(anonymous_10)","decl":{"start":{"line":137,"column":29},"end":{"line":137,"column":30}},"loc":{"start":{"line":137,"column":35},"end":{"line":144,"column":25}}},"10":{"name":"(anonymous_11)","decl":{"start":{"line":153,"column":41},"end":{"line":153,"column":42}},"loc":{"start":{"line":153,"column":51},"end":{"line":158,"column":5}}},"11":{"name":"(anonymous_12)","decl":{"start":{"line":179,"column":42},"end":{"line":179,"column":43}},"loc":{"start":{"line":179,"column":49},"end":{"line":179,"column":79}}},"12":{"name":"(anonymous_13)","decl":{"start":{"line":189,"column":42},"end":{"line":189,"column":43}},"loc":{"start":{"line":189,"column":49},"end":{"line":189,"column":78}}},"13":{"name":"(anonymous_14)","decl":{"start":{"line":191,"column":48},"end":{"line":191,"column":49}},"loc":{"start":{"line":192,"column":36},"end":{"line":192,"column":57}}},"14":{"name":"(anonymous_15)","decl":{"start":{"line":211,"column":33},"end":{"line":211,"column":36}},"loc":{"start":{"line":211,"column":39},"end":{"line":211,"column":61}}},"15":{"name":"(anonymous_16)","decl":{"start":{"line":224,"column":34},"end":{"line":224,"column":35}},"loc":{"start":{"line":224,"column":40},"end":{"line":231,"column":25}}},"16":{"name":"(anonymous_17)","decl":{"start":{"line":246,"column":46},"end":{"line":246,"column":47}},"loc":{"start":{"line":246,"column":52},"end":{"line":250,"column":29}}}},"branchMap":{"0":{"loc":{"start":{"line":66,"column":8},"end":{"line":66,"column":25}},"type":"if","locations":[{"start":{"line":66,"column":8},"end":{"line":66,"column":25}}]},"1":{"loc":{"start":{"line":84,"column":20},"end":{"line":99,"column":21}},"type":"if","locations":[{"start":{"line":84,"column":20},"end":{"line":99,"column":21}}]},"2":{"loc":{"start":{"line":123,"column":52},"end":{"line":123,"column":87}},"type":"binary-expr","locations":[{"start":{"line":123,"column":52},"end":{"line":123,"column":69}},{"start":{"line":123,"column":73},"end":{"line":123,"column":87}}]},"3":{"loc":{"start":{"line":143,"column":51},"end":{"line":143,"column":86}},"type":"binary-expr","locations":[{"start":{"line":143,"column":51},"end":{"line":143,"column":68}},{"start":{"line":143,"column":72},"end":{"line":143,"column":86}}]},"4":{"loc":{"start":{"line":154,"column":28},"end":{"line":154,"column":77}},"type":"binary-expr","locations":[{"start":{"line":154,"column":28},"end":{"line":154,"column":48}},{"start":{"line":154,"column":52},"end":{"line":154,"column":77}}]},"5":{"loc":{"start":{"line":157,"column":15},"end":{"line":157,"column":43}},"type":"binary-expr","locations":[{"start":{"line":157,"column":15},"end":{"line":157,"column":26}},{"start":{"line":157,"column":30},"end":{"line":157,"column":43}}]},"6":{"loc":{"start":{"line":225,"column":41},"end":{"line":225,"column":68}},"type":"binary-expr","locations":[{"start":{"line":225,"column":41},"end":{"line":225,"column":60}},{"start":{"line":225,"column":64},"end":{"line":225,"column":68}}]},"7":{"loc":{"start":{"line":226,"column":28},"end":{"line":230,"column":29}},"type":"if","locations":[{"start":{"line":226,"column":28},"end":{"line":230,"column":29}}]},"8":{"loc":{"start":{"line":236,"column":17},"end":{"line":252,"column":null}},"type":"binary-expr","locations":[{"start":{"line":236,"column":17},"end":{"line":236,"column":25}},{"start":{"line":237,"column":20},"end":{"line":251,"column":null}}]}},"s":{"0":1,"1":1,"2":1,"3":1,"4":1,"5":1,"6":1,"7":1,"8":1,"9":1,"10":39,"11":39,"12":39,"13":39,"14":39,"15":39,"16":20,"17":39,"18":12,"19":12,"20":12,"21":12,"22":2,"23":39,"24":7,"25":7,"26":7,"27":0,"28":7,"29":7,"30":7,"31":1,"32":6,"33":6,"34":6,"35":6,"36":6,"37":5,"38":5,"39":5,"40":3,"41":3,"42":3,"43":3,"44":3,"45":3,"46":3,"47":3,"48":3,"49":0,"50":3,"51":4,"52":4,"53":4,"54":2,"55":1,"56":1,"57":1,"58":2,"59":2,"60":2,"61":1,"62":1,"63":1,"64":39,"65":0,"66":0,"67":0,"68":39,"69":3,"70":3,"71":156,"72":0,"73":12,"74":12,"75":12,"76":12,"77":12,"78":7,"79":7,"80":7},"f":{"0":39,"1":20,"2":12,"3":7,"4":5,"5":3,"6":1,"7":1,"8":1,"9":1,"10":0,"11":3,"12":3,"13":156,"14":0,"15":12,"16":7},"b":{"0":[1],"1":[3],"2":[1,0],"3":[1,0],"4":[0,0],"5":[0,0],"6":[12,0],"7":[12],"8":[39,13]}}
,"C:\\Users\\manav\\anomaly-detector-ui\\src\\utils\\yolo.ts": {"path":"C:\\Users\\manav\\anomaly-detector-ui\\src\\utils\\yolo.ts","statementMap":{"0":{"start":{"line":6,"column":0},"end":{"line":6,"column":7}},"1":{"start":{"line":12,"column":0},"end":{"line":12,"column":7}},"2":{"start":{"line":154,"column":0},"end":{"line":154,"column":16}},"3":{"start":{"line":1,"column":0},"end":{"line":1,"column":39}},"4":{"start":{"line":4,"column":34},"end":{"line":4,"column":38}},"5":{"start":{"line":7,"column":2},"end":{"line":7,"column":56}},"6":{"start":{"line":8,"column":2},"end":{"line":8,"column":58}},"7":{"start":{"line":13,"column":2},"end":{"line":16,"column":3}},"8":{"start":{"line":14,"column":4},"end":{"line":14,"column":40}},"9":{"start":{"line":15,"column":4},"end":{"line":15,"column":16}},"10":{"start":{"line":18,"column":17},"end":{"line":18,"column":49}},"11":{"start":{"line":19,"column":2},"end":{"line":19,"column":33}},"12":{"start":{"line":20,"column":2},"end":{"line":20,"column":35}},"13":{"start":{"line":21,"column":14},"end":{"line":21,"column":38}},"14":{"start":{"line":22,"column":2},"end":{"line":22,"column":36}},"15":{"start":{"line":24,"column":22},"end":{"line":30,"column":4}},"16":{"start":{"line":25,"column":22},"end":{"line":25,"column":51}},"17":{"start":{"line":26,"column":20},"end":{"line":26,"column":66}},"18":{"start":{"line":27,"column":23},"end":{"line":27,"column":41}},"19":{"start":{"line":28,"column":20},"end":{"line":28,"column":44}},"20":{"start":{"line":29,"column":4},"end":{"line":29,"column":19}},"21":{"start":{"line":33,"column":2},"end":{"line":39,"column":3}},"22":{"start":{"line":34,"column":4},"end":{"line":34,"column":67}},"23":{"start":{"line":36,"column":4},"end":{"line":36,"column":51}},"24":{"start":{"line":37,"column":4},"end":{"line":37,"column":28}},"25":{"start":{"line":38,"column":4},"end":{"line":38,"column":16}},"26":{"start":{"line":41,"column":2},"end":{"line":41,"column":26}},"27":{"start":{"line":43,"column":52},"end":{"line":45,"column":92}},"28":{"start":{"line":47,"column":20},"end":{"line":47,"column":55}},"29":{"start":{"line":48,"column":21},"end":{"line":48,"column":55}},"30":{"start":{"line":49,"column":20},"end":{"line":49,"column":55}},"31":{"start":{"line":50,"column":21},"end":{"line":50,"column":54}},"32":{"start":{"line":53,"column":17},"end":{"line":68,"column":4}},"33":{"start":{"line":71,"column":20},"end":{"line":71,"column":21}},"34":{"start":{"line":72,"column":35},"end":{"line":72,"column":37}},"35":{"start":{"line":74,"column":2},"end":{"line":106,"column":3}},"36":{"start":{"line":74,"column":15},"end":{"line":74,"column":16}},"37":{"start":{"line":75,"column":18},"end":{"line":75,"column":34}},"38":{"start":{"line":76,"column":21},"end":{"line":76,"column":36}},"39":{"start":{"line":77,"column":18},"end":{"line":77,"column":56}},"40":{"start":{"line":78,"column":4},"end":{"line":78,"column":57}},"41":{"start":{"line":79,"column":37},"end":{"line":79,"column":52}},"42":{"start":{"line":82,"column":14},"end":{"line":82,"column":33}},"43":{"start":{"line":83,"column":14},"end":{"line":83,"column":34}},"44":{"start":{"line":84,"column":18},"end":{"line":84,"column":46}},"45":{"start":{"line":85,"column":19},"end":{"line":85,"column":48}},"46":{"start":{"line":87,"column":4},"end":{"line":87,"column":28}},"47":{"start":{"line":88,"column":4},"end":{"line":88,"column":22}},"48":{"start":{"line":89,"column":4},"end":{"line":89,"column":40}},"49":{"start":{"line":90,"column":4},"end":{"line":90,"column":28}},"50":{"start":{"line":91,"column":4},"end":{"line":91,"column":26}},"51":{"start":{"line":92,"column":4},"end":{"line":92,"column":79}},"52":{"start":{"line":95,"column":4},"end":{"line":95,"column":42}},"53":{"start":{"line":95,"column":28},"end":{"line":95,"column":42}},"54":{"start":{"line":98,"column":4},"end":{"line":100,"column":5}},"55":{"start":{"line":99,"column":6},"end":{"line":99,"column":76}},"56":{"start":{"line":99,"column":46},"end":{"line":99,"column":76}},"57":{"start":{"line":103,"column":4},"end":{"line":105,"column":5}},"58":{"start":{"line":104,"column":6},"end":{"line":104,"column":76}},"59":{"start":{"line":104,"column":46},"end":{"line":104,"column":76}},"60":{"start":{"line":109,"column":2},"end":{"line":111,"column":3}},"61":{"start":{"line":110,"column":4},"end":{"line":110,"column":34}},"62":{"start":{"line":113,"column":2},"end":{"line":113,"column":56}},"63":{"start":{"line":115,"column":2},"end":{"line":115,"column":47}},"64":{"start":{"line":115,"column":35},"end":{"line":115,"column":47}},"65":{"start":{"line":117,"column":15},"end":{"line":118,"column":null}},"66":{"start":{"line":118,"column":4},"end":{"line":118,"column":51}},"67":{"start":{"line":118,"column":25},"end":{"line":118,"column":36}},"68":{"start":{"line":122,"column":19},"end":{"line":122,"column":50}},"69":{"start":{"line":123,"column":19},"end":{"line":123,"column":33}},"70":{"start":{"line":124,"column":2},"end":{"line":124,"column":43}},"71":{"start":{"line":126,"column":17},"end":{"line":126,"column":19}},"72":{"start":{"line":127,"column":2},"end":{"line":137,"column":3}},"73":{"start":{"line":128,"column":26},"end":{"line":131,"column":6}},"74":{"start":{"line":132,"column":17},"end":{"line":132,"column":43}},"75":{"start":{"line":133,"column":4},"end":{"line":133,"column":29}},"76":{"start":{"line":136,"column":4},"end":{"line":136,"column":57}},"77":{"start":{"line":142,"column":2},"end":{"line":149,"column":4}},"78":{"start":{"line":155,"column":2},"end":{"line":155,"column":15}}},"fnMap":{"0":{"name":"loadModel","decl":{"start":{"line":6,"column":22},"end":{"line":6,"column":31}},"loc":{"start":{"line":6,"column":31},"end":{"line":9,"column":1}}},"1":{"name":"runYOLOOnFrame","decl":{"start":{"line":12,"column":22},"end":{"line":12,"column":36}},"loc":{"start":{"line":12,"column":76},"end":{"line":150,"column":1}}},"2":{"name":"(anonymous_11)","decl":{"start":{"line":24,"column":30},"end":{"line":24,"column":33}},"loc":{"start":{"line":24,"column":35},"end":{"line":30,"column":3}}},"3":{"name":"(anonymous_12)","decl":{"start":{"line":117,"column":39},"end":{"line":117,"column":40}},"loc":{"start":{"line":118,"column":4},"end":{"line":118,"column":51}}},"4":{"name":"(anonymous_13)","decl":{"start":{"line":118,"column":18},"end":{"line":118,"column":19}},"loc":{"start":{"line":118,"column":25},"end":{"line":118,"column":36}}},"5":{"name":"_setModelForTest","decl":{"start":{"line":154,"column":16},"end":{"line":154,"column":32}},"loc":{"start":{"line":154,"column":59},"end":{"line":156,"column":1}}}},"branchMap":{"0":{"loc":{"start":{"line":13,"column":2},"end":{"line":16,"column":3}},"type":"if","locations":[{"start":{"line":13,"column":2},"end":{"line":16,"column":3}}]},"1":{"loc":{"start":{"line":43,"column":52},"end":{"line":45,"column":92}},"type":"cond-expr","locations":[{"start":{"line":44,"column":6},"end":{"line":44,"column":13}},{"start":{"line":45,"column":6},"end":{"line":45,"column":92}}]},"2":{"loc":{"start":{"line":77,"column":18},"end":{"line":77,"column":56}},"type":"binary-expr","locations":[{"start":{"line":77,"column":18},"end":{"line":77,"column":34}},{"start":{"line":77,"column":38},"end":{"line":77,"column":56}}]},"3":{"loc":{"start":{"line":92,"column":54},"end":{"line":92,"column":77}},"type":"cond-expr","locations":[{"start":{"line":92,"column":63},"end":{"line":92,"column":68}},{"start":{"line":92,"column":71},"end":{"line":92,"column":77}}]},"4":{"loc":{"start":{"line":95,"column":4},"end":{"line":95,"column":42}},"type":"if","locations":[{"start":{"line":95,"column":4},"end":{"line":95,"column":42}}]},"5":{"loc":{"start":{"line":98,"column":4},"end":{"line":100,"column":5}},"type":"if","locations":[{"start":{"line":98,"column":4},"end":{"line":100,"column":5}}]},"6":{"loc":{"start":{"line":98,"column":8},"end":{"line":98,"column":59}},"type":"binary-expr","locations":[{"start":{"line":98,"column":9},"end":{"line":98,"column":24}},{"start":{"line":98,"column":28},"end":{"line":98,"column":43}},{"start":{"line":98,"column":48},"end":{"line":98,"column":59}}]},"7":{"loc":{"start":{"line":99,"column":6},"end":{"line":99,"column":76}},"type":"if","locations":[{"start":{"line":99,"column":6},"end":{"line":99,"column":76}}]},"8":{"loc":{"start":{"line":103,"column":4},"end":{"line":105,"column":5}},"type":"if","locations":[{"start":{"line":103,"column":4},"end":{"line":105,"column":5}}]},"9":{"loc":{"start":{"line":103,"column":8},"end":{"line":103,"column":64}},"type":"binary-expr","locations":[{"start":{"line":103,"column":8},"end":{"line":103,"column":49}},{"start":{"line":103,"column":53},"end":{"line":103,"column":64}}]},"10":{"loc":{"start":{"line":104,"column":6},"end":{"line":104,"column":76}},"type":"if","locations":[{"start":{"line":104,"column":6},"end":{"line":104,"column":76}}]},"11":{"loc":{"start":{"line":109,"column":2},"end":{"line":111,"column":3}},"type":"if","locations":[{"start":{"line":109,"column":2},"end":{"line":111,"column":3}}]},"12":{"loc":{"start":{"line":115,"column":2},"end":{"line":115,"column":47}},"type":"if","locations":[{"start":{"line":115,"column":2},"end":{"line":115,"column":47}}]}},"s":{"0":1,"1":1,"2":1,"3":1,"4":1,"5":5,"6":5,"7":4,"8":0,"9":0,"10":4,"11":4,"12":4,"13":4,"14":4,"15":4,"16":4,"17":4,"18":4,"19":4,"20":4,"21":4,"22":4,"23":0,"24":0,"25":0,"26":4,"27":4,"28":4,"29":4,"30":4,"31":4,"32":4,"33":4,"34":4,"35":4,"36":4,"37":10,"38":10,"39":10,"40":10,"41":10,"42":10,"43":10,"44":10,"45":10,"46":10,"47":10,"48":10,"49":10,"50":10,"51":10,"52":10,"53":7,"54":10,"55":1,"56":1,"57":10,"58":2,"59":2,"60":4,"61":1,"62":4,"63":4,"64":1,"65":3,"66":3,"67":3,"68":3,"69":3,"70":3,"71":3,"72":3,"73":3,"74":3,"75":3,"76":0,"77":3,"78":0},"f":{"0":5,"1":4,"2":4,"3":3,"4":3,"5":0},"b":{"0":[0],"1":[4,0],"2":[10,0],"3":[0,10],"4":[7],"5":[1],"6":[10,9,1],"7":[1],"8":[2],"9":[10,2],"10":[2],"11":[1],"12":[1]}}
}
