TN:
SF:src\components\AlertModal.tsx
FN:22,AlertModal
FN:45,(anonymous_2)
FNF:2
FNH:2
FNDA:4,AlertModal
FNDA:5,(anonymous_2)
DA:1,1
DA:3,1
DA:5,1
DA:22,1
DA:23,4
DA:25,3
DA:46,5
DA:51,5
LF:8
LH:8
BRDA:23,0,0,1
BRDA:51,1,0,5
BRDA:51,1,1,1
BRF:3
BRH:3
end_of_record
TN:
SF:src\components\AlertTable.tsx
FN:22,AlertTable
FN:35,(anonymous_2)
FN:39,(anonymous_3)
FN:48,(anonymous_4)
FNF:4
FNH:4
FNDA:3,AlertTable
FNDA:5,(anonymous_2)
FNDA:1,(anonymous_3)
FNDA:5,(anonymous_4)
DA:2,1
DA:4,1
DA:6,1
DA:22,1
DA:23,3
DA:36,5
DA:39,1
DA:49,5
DA:54,5
LF:9
LH:9
BRDA:54,0,0,5
BRDA:54,0,1,1
BRF:2
BRH:2
end_of_record
TN:
SF:src\pages\MainPage.tsx
FN:25,MainPage
FN:33,(anonymous_2)
FN:37,(anonymous_3)
FN:55,(anonymous_4)
FN:73,(anonymous_5)
FN:75,(anonymous_6)
FN:113,(anonymous_7)
FN:123,(anonymous_8)
FN:133,(anonymous_9)
FN:137,(anonymous_10)
FN:153,(anonymous_11)
FN:179,(anonymous_12)
FN:189,(anonymous_13)
FN:191,(anonymous_14)
FN:211,(anonymous_15)
FN:224,(anonymous_16)
FN:246,(anonymous_17)
FNF:17
FNH:15
FNDA:39,MainPage
FNDA:20,(anonymous_2)
FNDA:12,(anonymous_3)
FNDA:7,(anonymous_4)
FNDA:5,(anonymous_5)
FNDA:3,(anonymous_6)
FNDA:1,(anonymous_7)
FNDA:1,(anonymous_8)
FNDA:1,(anonymous_9)
FNDA:1,(anonymous_10)
FNDA:0,(anonymous_11)
FNDA:3,(anonymous_12)
FNDA:3,(anonymous_13)
FNDA:156,(anonymous_14)
FNDA:0,(anonymous_15)
FNDA:12,(anonymous_16)
FNDA:7,(anonymous_17)
DA:2,1
DA:4,1
DA:6,1
DA:7,1
DA:15,1
DA:16,1
DA:17,1
DA:19,1
DA:23,1
DA:25,1
DA:26,39
DA:27,39
DA:28,39
DA:29,39
DA:30,39
DA:33,39
DA:34,20
DA:37,39
DA:38,12
DA:39,12
DA:40,12
DA:41,12
DA:51,2
DA:55,39
DA:57,7
DA:58,7
DA:59,7
DA:61,0
DA:64,7
DA:65,7
DA:66,7
DA:68,6
DA:69,6
DA:70,6
DA:72,6
DA:73,5
DA:74,5
DA:75,5
DA:76,3
DA:77,3
DA:78,3
DA:79,3
DA:83,3
DA:84,3
DA:85,3
DA:88,3
DA:89,3
DA:97,0
DA:102,3
DA:108,4
DA:109,4
DA:111,4
DA:113,2
DA:114,1
DA:119,1
DA:123,1
DA:128,2
DA:130,2
DA:132,2
DA:133,1
DA:138,1
DA:143,1
DA:153,39
DA:154,0
DA:155,0
DA:157,0
DA:160,39
DA:179,3
DA:189,3
DA:192,156
DA:211,0
DA:225,12
DA:226,12
DA:227,12
DA:228,12
DA:229,12
DA:247,7
DA:248,7
DA:249,7
LF:79
LH:73
BRDA:66,0,0,1
BRDA:84,1,0,3
BRDA:123,2,0,1
BRDA:123,2,1,0
BRDA:143,3,0,1
BRDA:143,3,1,0
BRDA:154,4,0,0
BRDA:154,4,1,0
BRDA:157,5,0,0
BRDA:157,5,1,0
BRDA:225,6,0,12
BRDA:225,6,1,0
BRDA:226,7,0,12
BRDA:236,8,0,39
BRDA:236,8,1,13
BRF:15
BRH:8
end_of_record
TN:
SF:src\utils\yolo.ts
FN:6,loadModel
FN:12,runYOLOOnFrame
FN:24,(anonymous_11)
FN:117,(anonymous_12)
FN:118,(anonymous_13)
FN:154,_setModelForTest
FNF:6
FNH:5
FNDA:5,loadModel
FNDA:4,runYOLOOnFrame
FNDA:4,(anonymous_11)
FNDA:3,(anonymous_12)
FNDA:3,(anonymous_13)
FNDA:0,_setModelForTest
DA:1,1
DA:4,1
DA:6,1
DA:7,5
DA:8,5
DA:12,1
DA:13,4
DA:14,0
DA:15,0
DA:18,4
DA:19,4
DA:20,4
DA:21,4
DA:22,4
DA:24,4
DA:25,4
DA:26,4
DA:27,4
DA:28,4
DA:29,4
DA:33,4
DA:34,4
DA:36,0
DA:37,0
DA:38,0
DA:41,4
DA:43,4
DA:47,4
DA:48,4
DA:49,4
DA:50,4
DA:53,4
DA:71,4
DA:72,4
DA:74,4
DA:75,10
DA:76,10
DA:77,10
DA:78,10
DA:79,10
DA:82,10
DA:83,10
DA:84,10
DA:85,10
DA:87,10
DA:88,10
DA:89,10
DA:90,10
DA:91,10
DA:92,10
DA:95,10
DA:98,10
DA:99,1
DA:103,10
DA:104,2
DA:109,4
DA:110,1
DA:113,4
DA:115,4
DA:117,3
DA:118,3
DA:122,3
DA:123,3
DA:124,3
DA:126,3
DA:127,3
DA:128,3
DA:132,3
DA:133,3
DA:136,0
DA:142,3
DA:154,1
DA:155,0
LF:73
LH:66
BRDA:13,0,0,0
BRDA:43,1,0,4
BRDA:43,1,1,0
BRDA:77,2,0,10
BRDA:77,2,1,0
BRDA:92,3,0,0
BRDA:92,3,1,10
BRDA:95,4,0,7
BRDA:98,5,0,1
BRDA:98,6,0,10
BRDA:98,6,1,9
BRDA:98,6,2,1
BRDA:99,7,0,1
BRDA:103,8,0,2
BRDA:103,9,0,10
BRDA:103,9,1,2
BRDA:104,10,0,2
BRDA:109,11,0,1
BRDA:115,12,0,1
BRF:19
BRH:15
end_of_record
